Start testing: Apr 17 01:45 CEST
----------------------------------------------------------
1/6 Testing: cppcheck
1/6 Test: cppcheck
Command: "/usr/bin/python3" "-u" "/opt/ros/humble/share/ament_cmake_test/cmake/run_test.py" "/home/selim/Linrob_ROS_Bridge/ros2_ws/src/hardware_interface_linrob_package/.obj-x86_64-linux-gnu/test_results/hardware_interface_linrob_package/cppcheck.xunit.xml" "--package-name" "hardware_interface_linrob_package" "--output-file" "/home/selim/Linrob_ROS_Bridge/ros2_ws/src/hardware_interface_linrob_package/.obj-x86_64-linux-gnu/ament_cppcheck/cppcheck.txt" "--command" "/opt/ros/humble/bin/ament_cppcheck" "--xunit-file" "/home/selim/Linrob_ROS_Bridge/ros2_ws/src/hardware_interface_linrob_package/.obj-x86_64-linux-gnu/test_results/hardware_interface_linrob_package/cppcheck.xunit.xml" "--include_dirs" "/home/selim/Linrob_ROS_Bridge/ros2_ws/src/hardware_interface_linrob_package/.obj-x86_64-linux-gnu/rosidl_generator_c" "/home/selim/Linrob_ROS_Bridge/ros2_ws/src/hardware_interface_linrob_package/.obj-x86_64-linux-gnu/rosidl_typesupport_fastrtps_c" "/home/selim/Linrob_ROS_Bridge/ros2_ws/src/hardware_interface_linrob_package/.obj-x86_64-linux-gnu/rosidl_typesupport_introspection_c" "/home/selim/Linrob_ROS_Bridge/ros2_ws/src/hardware_interface_linrob_package/.obj-x86_64-linux-gnu/rosidl_generator_cpp" "/home/selim/Linrob_ROS_Bridge/ros2_ws/src/hardware_interface_linrob_package/.obj-x86_64-linux-gnu/rosidl_typesupport_fastrtps_cpp" "/home/selim/Linrob_ROS_Bridge/ros2_ws/src/hardware_interface_linrob_package/.obj-x86_64-linux-gnu/rosidl_typesupport_introspection_cpp" "/home/selim/Linrob_ROS_Bridge/ros2_ws/src/hardware_interface_linrob_package/.obj-x86_64-linux-gnu/rosidl_generator_c" "/home/selim/Linrob_ROS_Bridge/ros2_ws/src/hardware_interface_linrob_package/.obj-x86_64-linux-gnu/rosidl_generator_py"
Directory: /home/selim/Linrob_ROS_Bridge/ros2_ws/src/hardware_interface_linrob_package
"cppcheck" start time: Apr 17 01:45 CEST
Output:
----------------------------------------------------------
-- run_test.py: invoking following command in '/home/selim/Linrob_ROS_Bridge/ros2_ws/src/hardware_interface_linrob_package':
 - /opt/ros/humble/bin/ament_cppcheck --xunit-file /home/selim/Linrob_ROS_Bridge/ros2_ws/src/hardware_interface_linrob_package/.obj-x86_64-linux-gnu/test_results/hardware_interface_linrob_package/cppcheck.xunit.xml --include_dirs /home/selim/Linrob_ROS_Bridge/ros2_ws/src/hardware_interface_linrob_package/.obj-x86_64-linux-gnu/rosidl_generator_c /home/selim/Linrob_ROS_Bridge/ros2_ws/src/hardware_interface_linrob_package/.obj-x86_64-linux-gnu/rosidl_typesupport_fastrtps_c /home/selim/Linrob_ROS_Bridge/ros2_ws/src/hardware_interface_linrob_package/.obj-x86_64-linux-gnu/rosidl_typesupport_introspection_c /home/selim/Linrob_ROS_Bridge/ros2_ws/src/hardware_interface_linrob_package/.obj-x86_64-linux-gnu/rosidl_generator_cpp /home/selim/Linrob_ROS_Bridge/ros2_ws/src/hardware_interface_linrob_package/.obj-x86_64-linux-gnu/rosidl_typesupport_fastrtps_cpp /home/selim/Linrob_ROS_Bridge/ros2_ws/src/hardware_interface_linrob_package/.obj-x86_64-linux-gnu/rosidl_typesupport_introspection_cpp /home/selim/Linrob_ROS_Bridge/ros2_ws/src/hardware_interface_linrob_package/.obj-x86_64-linux-gnu/rosidl_generator_c /home/selim/Linrob_ROS_Bridge/ros2_ws/src/hardware_interface_linrob_package/.obj-x86_64-linux-gnu/rosidl_generator_py
No files found
-- run_test.py: return code 1
-- run_test.py: generate result file '/home/selim/Linrob_ROS_Bridge/ros2_ws/src/hardware_interface_linrob_package/.obj-x86_64-linux-gnu/test_results/hardware_interface_linrob_package/cppcheck.xunit.xml' with failed test
-- run_test.py: verify result file '/home/selim/Linrob_ROS_Bridge/ros2_ws/src/hardware_interface_linrob_package/.obj-x86_64-linux-gnu/test_results/hardware_interface_linrob_package/cppcheck.xunit.xml'
<end of output>
Test time =   0.23 sec
----------------------------------------------------------
Test Failed.
"cppcheck" end time: Apr 17 01:45 CEST
"cppcheck" time elapsed: 00:00:00
----------------------------------------------------------

2/6 Testing: flake8
2/6 Test: flake8
Command: "/usr/bin/python3" "-u" "/opt/ros/humble/share/ament_cmake_test/cmake/run_test.py" "/home/selim/Linrob_ROS_Bridge/ros2_ws/src/hardware_interface_linrob_package/.obj-x86_64-linux-gnu/test_results/hardware_interface_linrob_package/flake8.xunit.xml" "--package-name" "hardware_interface_linrob_package" "--output-file" "/home/selim/Linrob_ROS_Bridge/ros2_ws/src/hardware_interface_linrob_package/.obj-x86_64-linux-gnu/ament_flake8/flake8.txt" "--command" "/opt/ros/humble/bin/ament_flake8" "--xunit-file" "/home/selim/Linrob_ROS_Bridge/ros2_ws/src/hardware_interface_linrob_package/.obj-x86_64-linux-gnu/test_results/hardware_interface_linrob_package/flake8.xunit.xml"
Directory: /home/selim/Linrob_ROS_Bridge/ros2_ws/src/hardware_interface_linrob_package
"flake8" start time: Apr 17 01:45 CEST
Output:
----------------------------------------------------------
-- run_test.py: invoking following command in '/home/selim/Linrob_ROS_Bridge/ros2_ws/src/hardware_interface_linrob_package':
 - /opt/ros/humble/bin/ament_flake8 --xunit-file /home/selim/Linrob_ROS_Bridge/ros2_ws/src/hardware_interface_linrob_package/.obj-x86_64-linux-gnu/test_results/hardware_interface_linrob_package/flake8.xunit.xml
def generate_launch_description():
^
"""
Hardware Interface Layer (HIL) for ROS 2 

This code provides a ROS 2 node that interfaces with various hardware components
via defined services, ensuring operations conform to the specified API version.

Conforms to API version: 2.2.0

Author: Selim Ouirari
Email: selim.ouirari@linrob.io   
Last Modified: 26-03-2024  

"""
   
                                    ^
"""
Hardware Interface Layer (HIL) for ROS 2 

This code provides a ROS 2 node that interfaces with various hardware components
via defined services, ensuring operations conform to the specified API version.

Conforms to API version: 2.2.0

Author: Selim Ouirari
Email: selim.ouirari@linrob.io   
Last Modified: 26-03-2024  

"""
   
                          ^
"""
Hardware Interface Layer (HIL) for ROS 2 

This code provides a ROS 2 node that interfaces with various hardware components
via defined services, ensuring operations conform to the specified API version.

Conforms to API version: 2.2.0

Author: Selim Ouirari
Email: selim.ouirari@linrob.io   
Last Modified: 26-03-2024  

"""
   
                     ^
from action_test.srv import Home, Init,Jog,Reset, Stop, Zero,Power, AcknowledgeError,setSafeArea
                                      ^
from action_test.srv import Home, Init,Jog,Reset, Stop, Zero,Power, AcknowledgeError,setSafeArea
                                          ^
from action_test.srv import Home, Init,Jog,Reset, Stop, Zero,Power, AcknowledgeError,setSafeArea
                                                            ^
from action_test.srv import Home, Init,Jog,Reset, Stop, Zero,Power, AcknowledgeError,setSafeArea
                                                                                    ^
from action_test.msg import Feedback 
                                    ^
class IpcDataManager:
^
    def __init__(self, ipc_address, ipc_port,control_port):
                                            ^
        
^
class MoveFeedbackActionServer(Node):
^
        
^
                    return MoveFeedback.Result(success=True, message="Move completed successfully.")
                                                                                                   ^
            time.sleep(0.1)  
                           ^
                receive_data = json.loads(receive_bytes)
                ^
class BaseService(Node):
^
                sock.connect((self.ipc_data_manager.ipc_address, self.ipc_data_manager.control_port))
                                                                                                   ^
                message = "Command executed successfully." if success else "Failed to execute command."
                                                                                                   ^
class InitService(BaseService):
^
class PowerService(BaseService):
^
class ResetService(BaseService):
^
        command = {"cmd": "stop","deceleration": request.activate}
                                ^
class HomeService(BaseService):
^
class ZeroService(BaseService):
^
class AcknowledgeErrorService(BaseService):
^
class setSafeAreaService(BaseService):
^
        command = {"cmd": "setSafeArea", "safe_area_low": request.safe_area_low, "safe_area_high": request.safe_area_do_high,"safe_area_do_high": request.safe_area_do_high}
                                                                                                   ^
        command = {"cmd": "setSafeArea", "safe_area_low": request.safe_area_low, "safe_area_high": request.safe_area_do_high,"safe_area_do_high": request.safe_area_do_high}
                                                                                                                            ^
class FeedbackPublisher(Node):
^
    ipc_data_manager = IpcDataManager("172.31.176.1", 60001,50000)
                                                           ^
        SetSafeAreaService(ipc_data_manager)
        ^
    
^
if __name__ == '__main__':
^
    main()          ^
8     E231 missing whitespace after ','
11    E302 expected 2 blank lines, found 1
1     E303 too many blank lines (4)
1     E305 expected 2 blank lines after class or function definition, found 1
4     E501 line too long (100 > 99 characters)
1     F821 undefined name 'SetSafeAreaService'
1     F841 local variable 'receive_data' is assigned to but never used
5     W291 trailing whitespace
1     W292 no newline at end of file
3     W293 blank line contains whitespace

./launch/hil_launch.py:4:1: E302 expected 2 blank lines, found 1

./hardware_interface_linrob_package/HIL.py:3:41: W291 trailing whitespace

./hardware_interface_linrob_package/HIL.py:11:31: W291 trailing whitespace

./hardware_interface_linrob_package/HIL.py:12:26: W291 trailing whitespace

./hardware_interface_linrob_package/HIL.py:25:39: E231 missing whitespace after ','

./hardware_interface_linrob_package/HIL.py:25:43: E231 missing whitespace after ','

./hardware_interface_linrob_package/HIL.py:25:61: E231 missing whitespace after ','

./hardware_interface_linrob_package/HIL.py:25:85: E231 missing whitespace after ','

./hardware_interface_linrob_package/HIL.py:26:37: W291 trailing whitespace

./hardware_interface_linrob_package/HIL.py:28:1: E302 expected 2 blank lines, found 1

./hardware_interface_linrob_package/HIL.py:29:45: E231 missing whitespace after ','

./hardware_interface_linrob_package/HIL.py:54:1: W293 blank line contains whitespace

./hardware_interface_linrob_package/HIL.py:55:1: E302 expected 2 blank lines, found 1

./hardware_interface_linrob_package/HIL.py:68:1: W293 blank line contains whitespace

./hardware_interface_linrob_package/HIL.py:89:100: E501 line too long (100 > 99 characters)

./hardware_interface_linrob_package/HIL.py:91:28: W291 trailing whitespace

./hardware_interface_linrob_package/HIL.py:115:17: F841 local variable 'receive_data' is assigned to but never used

./hardware_interface_linrob_package/HIL.py:120:1: E302 expected 2 blank lines, found 0

./hardware_interface_linrob_package/HIL.py:134:100: E501 line too long (101 > 99 characters)

./hardware_interface_linrob_package/HIL.py:139:100: E501 line too long (103 > 99 characters)

./hardware_interface_linrob_package/HIL.py:144:1: E302 expected 2 blank lines, found 0

./hardware_interface_linrob_package/HIL.py:153:1: E302 expected 2 blank lines, found 1

./hardware_interface_linrob_package/HIL.py:172:1: E302 expected 2 blank lines, found 1

./hardware_interface_linrob_package/HIL.py:187:33: E231 missing whitespace after ','

./hardware_interface_linrob_package/HIL.py:190:1: E302 expected 2 blank lines, found 0

./hardware_interface_linrob_package/HIL.py:199:1: E302 expected 2 blank lines, found 1

./hardware_interface_linrob_package/HIL.py:207:1: E302 expected 2 blank lines, found 0

./hardware_interface_linrob_package/HIL.py:215:1: E302 expected 2 blank lines, found 0

./hardware_interface_linrob_package/HIL.py:220:100: E501 line too long (172 > 99 characters)

./hardware_interface_linrob_package/HIL.py:220:125: E231 missing whitespace after ','

./hardware_interface_linrob_package/HIL.py:227:1: E303 too many blank lines (4)

./hardware_interface_linrob_package/HIL.py:253:60: E231 missing whitespace after ','

./hardware_interface_linrob_package/HIL.py:267:9: F821 undefined name 'SetSafeAreaService'

./hardware_interface_linrob_package/HIL.py:271:1: W293 blank line contains whitespace

./hardware_interface_linrob_package/HIL.py:287:1: E305 expected 2 blank lines after class or function definition, found 1

./hardware_interface_linrob_package/HIL.py:288:11: W292 no newline at end of file


7 files checked
36 errors

'E'-type errors: 25
'F'-type errors: 2
'W'-type errors: 9

Checked files:

* ./setup.py
* ./launch/hil_launch.py
* ./test/test_flake8.py
* ./test/test_pep257.py
* ./test/test_copyright.py
* ./hardware_interface_linrob_package/HIL.py
* ./hardware_interface_linrob_package/__init__.py
-- run_test.py: return code 1
-- run_test.py: verify result file '/home/selim/Linrob_ROS_Bridge/ros2_ws/src/hardware_interface_linrob_package/.obj-x86_64-linux-gnu/test_results/hardware_interface_linrob_package/flake8.xunit.xml'
<end of output>
Test time =   0.44 sec
----------------------------------------------------------
Test Failed.
"flake8" end time: Apr 17 01:45 CEST
"flake8" time elapsed: 00:00:00
----------------------------------------------------------

3/6 Testing: lint_cmake
3/6 Test: lint_cmake
Command: "/usr/bin/python3" "-u" "/opt/ros/humble/share/ament_cmake_test/cmake/run_test.py" "/home/selim/Linrob_ROS_Bridge/ros2_ws/src/hardware_interface_linrob_package/.obj-x86_64-linux-gnu/test_results/hardware_interface_linrob_package/lint_cmake.xunit.xml" "--package-name" "hardware_interface_linrob_package" "--output-file" "/home/selim/Linrob_ROS_Bridge/ros2_ws/src/hardware_interface_linrob_package/.obj-x86_64-linux-gnu/ament_lint_cmake/lint_cmake.txt" "--command" "/opt/ros/humble/bin/ament_lint_cmake" "--xunit-file" "/home/selim/Linrob_ROS_Bridge/ros2_ws/src/hardware_interface_linrob_package/.obj-x86_64-linux-gnu/test_results/hardware_interface_linrob_package/lint_cmake.xunit.xml"
Directory: /home/selim/Linrob_ROS_Bridge/ros2_ws/src/hardware_interface_linrob_package
"lint_cmake" start time: Apr 17 01:45 CEST
Output:
----------------------------------------------------------
-- run_test.py: invoking following command in '/home/selim/Linrob_ROS_Bridge/ros2_ws/src/hardware_interface_linrob_package':
 - /opt/ros/humble/bin/ament_lint_cmake --xunit-file /home/selim/Linrob_ROS_Bridge/ros2_ws/src/hardware_interface_linrob_package/.obj-x86_64-linux-gnu/test_results/hardware_interface_linrob_package/lint_cmake.xunit.xml

No problems found
-- run_test.py: return code 0
-- run_test.py: verify result file '/home/selim/Linrob_ROS_Bridge/ros2_ws/src/hardware_interface_linrob_package/.obj-x86_64-linux-gnu/test_results/hardware_interface_linrob_package/lint_cmake.xunit.xml'
<end of output>
Test time =   0.20 sec
----------------------------------------------------------
Test Passed.
"lint_cmake" end time: Apr 17 01:45 CEST
"lint_cmake" time elapsed: 00:00:00
----------------------------------------------------------

4/6 Testing: pep257
4/6 Test: pep257
Command: "/usr/bin/python3" "-u" "/opt/ros/humble/share/ament_cmake_test/cmake/run_test.py" "/home/selim/Linrob_ROS_Bridge/ros2_ws/src/hardware_interface_linrob_package/.obj-x86_64-linux-gnu/test_results/hardware_interface_linrob_package/pep257.xunit.xml" "--package-name" "hardware_interface_linrob_package" "--output-file" "/home/selim/Linrob_ROS_Bridge/ros2_ws/src/hardware_interface_linrob_package/.obj-x86_64-linux-gnu/ament_pep257/pep257.txt" "--command" "/opt/ros/humble/bin/ament_pep257" "--xunit-file" "/home/selim/Linrob_ROS_Bridge/ros2_ws/src/hardware_interface_linrob_package/.obj-x86_64-linux-gnu/test_results/hardware_interface_linrob_package/pep257.xunit.xml"
Directory: /home/selim/Linrob_ROS_Bridge/ros2_ws/src/hardware_interface_linrob_package
"pep257" start time: Apr 17 01:45 CEST
Output:
----------------------------------------------------------
-- run_test.py: invoking following command in '/home/selim/Linrob_ROS_Bridge/ros2_ws/src/hardware_interface_linrob_package':
 - /opt/ros/humble/bin/ament_pep257 --xunit-file /home/selim/Linrob_ROS_Bridge/ros2_ws/src/hardware_interface_linrob_package/.obj-x86_64-linux-gnu/test_results/hardware_interface_linrob_package/pep257.xunit.xml
checking ./hardware_interface_linrob_package/HIL.py
./hardware_interface_linrob_package/HIL.py:2 at module level: D400: First line should end with a period (not ' ')
./hardware_interface_linrob_package/HIL.py:2 at module level: D415: First line should end with a period, question mark, or exclamation point (not ' ')
checking ./hardware_interface_linrob_package/__init__.py
checking ./launch/hil_launch.py
checking ./setup.py
checking ./test/test_copyright.py
checking ./test/test_flake8.py
checking ./test/test_pep257.py
2 errors
-- run_test.py: return code 1
-- run_test.py: verify result file '/home/selim/Linrob_ROS_Bridge/ros2_ws/src/hardware_interface_linrob_package/.obj-x86_64-linux-gnu/test_results/hardware_interface_linrob_package/pep257.xunit.xml'
<end of output>
Test time =   0.29 sec
----------------------------------------------------------
Test Failed.
"pep257" end time: Apr 17 01:45 CEST
"pep257" time elapsed: 00:00:00
----------------------------------------------------------

5/6 Testing: uncrustify
5/6 Test: uncrustify
Command: "/usr/bin/python3" "-u" "/opt/ros/humble/share/ament_cmake_test/cmake/run_test.py" "/home/selim/Linrob_ROS_Bridge/ros2_ws/src/hardware_interface_linrob_package/.obj-x86_64-linux-gnu/test_results/hardware_interface_linrob_package/uncrustify.xunit.xml" "--package-name" "hardware_interface_linrob_package" "--output-file" "/home/selim/Linrob_ROS_Bridge/ros2_ws/src/hardware_interface_linrob_package/.obj-x86_64-linux-gnu/ament_uncrustify/uncrustify.txt" "--command" "/opt/ros/humble/bin/ament_uncrustify" "--xunit-file" "/home/selim/Linrob_ROS_Bridge/ros2_ws/src/hardware_interface_linrob_package/.obj-x86_64-linux-gnu/test_results/hardware_interface_linrob_package/uncrustify.xunit.xml"
Directory: /home/selim/Linrob_ROS_Bridge/ros2_ws/src/hardware_interface_linrob_package
"uncrustify" start time: Apr 17 01:45 CEST
Output:
----------------------------------------------------------
-- run_test.py: invoking following command in '/home/selim/Linrob_ROS_Bridge/ros2_ws/src/hardware_interface_linrob_package':
 - /opt/ros/humble/bin/ament_uncrustify --xunit-file /home/selim/Linrob_ROS_Bridge/ros2_ws/src/hardware_interface_linrob_package/.obj-x86_64-linux-gnu/test_results/hardware_interface_linrob_package/uncrustify.xunit.xml
No files found
-- run_test.py: return code 1
-- run_test.py: generate result file '/home/selim/Linrob_ROS_Bridge/ros2_ws/src/hardware_interface_linrob_package/.obj-x86_64-linux-gnu/test_results/hardware_interface_linrob_package/uncrustify.xunit.xml' with failed test
-- run_test.py: verify result file '/home/selim/Linrob_ROS_Bridge/ros2_ws/src/hardware_interface_linrob_package/.obj-x86_64-linux-gnu/test_results/hardware_interface_linrob_package/uncrustify.xunit.xml'
<end of output>
Test time =   0.20 sec
----------------------------------------------------------
Test Failed.
"uncrustify" end time: Apr 17 01:45 CEST
"uncrustify" time elapsed: 00:00:00
----------------------------------------------------------

6/6 Testing: xmllint
6/6 Test: xmllint
Command: "/usr/bin/python3" "-u" "/opt/ros/humble/share/ament_cmake_test/cmake/run_test.py" "/home/selim/Linrob_ROS_Bridge/ros2_ws/src/hardware_interface_linrob_package/.obj-x86_64-linux-gnu/test_results/hardware_interface_linrob_package/xmllint.xunit.xml" "--package-name" "hardware_interface_linrob_package" "--output-file" "/home/selim/Linrob_ROS_Bridge/ros2_ws/src/hardware_interface_linrob_package/.obj-x86_64-linux-gnu/ament_xmllint/xmllint.txt" "--command" "/opt/ros/humble/bin/ament_xmllint" "--xunit-file" "/home/selim/Linrob_ROS_Bridge/ros2_ws/src/hardware_interface_linrob_package/.obj-x86_64-linux-gnu/test_results/hardware_interface_linrob_package/xmllint.xunit.xml"
Directory: /home/selim/Linrob_ROS_Bridge/ros2_ws/src/hardware_interface_linrob_package
"xmllint" start time: Apr 17 01:45 CEST
Output:
----------------------------------------------------------
-- run_test.py: invoking following command in '/home/selim/Linrob_ROS_Bridge/ros2_ws/src/hardware_interface_linrob_package':
 - /opt/ros/humble/bin/ament_xmllint --xunit-file /home/selim/Linrob_ROS_Bridge/ros2_ws/src/hardware_interface_linrob_package/.obj-x86_64-linux-gnu/test_results/hardware_interface_linrob_package/xmllint.xunit.xml
File 'package.xml' is valid

No problems found
-- run_test.py: return code 0
-- run_test.py: verify result file '/home/selim/Linrob_ROS_Bridge/ros2_ws/src/hardware_interface_linrob_package/.obj-x86_64-linux-gnu/test_results/hardware_interface_linrob_package/xmllint.xunit.xml'
<end of output>
Test time =   0.21 sec
----------------------------------------------------------
Test Passed.
"xmllint" end time: Apr 17 01:45 CEST
"xmllint" time elapsed: 00:00:00
----------------------------------------------------------

End testing: Apr 17 01:45 CEST

cppcheck =   0.23 sec*proc

flake8 =   0.44 sec*proc

lint_cmake =   0.20 sec*proc

linter =   1.57 sec*proc

pep257 =   0.29 sec*proc

uncrustify =   0.20 sec*proc

xmllint =   0.21 sec*proc

